2021-02-05 15:29:33,809 INFO 8780 [egg-schedule]: register schedule D:\没头发的不归路\egg\egg-first\node_modules\_egg-multipart@2.10.3@egg-multipart\app\schedule\clean_tmpdir.js
2021-02-05 15:29:33,809 INFO 8780 [egg-schedule]: register schedule D:\没头发的不归路\egg\egg-first\node_modules\_egg-logrotator@3.1.0@egg-logrotator\app\schedule\clean_log.js
2021-02-05 15:29:33,809 INFO 8780 [egg-schedule]: register schedule D:\没头发的不归路\egg\egg-first\node_modules\_egg-logrotator@3.1.0@egg-logrotator\app\schedule\rotate_by_file.js
2021-02-05 15:29:36,181 INFO 15764 [Timer] D:\没头发的不归路\egg\egg-first\node_modules\_egg-multipart@2.10.3@egg-multipart\app\schedule\clean_tmpdir.js next time will execute after 46823856ms at 2021-02-06 04:30:00.037
2021-02-05 15:29:36,182 INFO 15764 [Timer] D:\没头发的不归路\egg\egg-first\node_modules\_egg-logrotator@3.1.0@egg-logrotator\app\schedule\clean_log.js next time will execute after 30623819ms at 2021-02-06 00:00:00.001
2021-02-05 15:29:36,183 INFO 15764 [Timer] D:\没头发的不归路\egg\egg-first\node_modules\_egg-logrotator@3.1.0@egg-logrotator\app\schedule\rotate_by_file.js next time will execute after 30624818ms at 2021-02-06 00:00:01.000
2021-02-05 15:40:38,168 INFO 21500 [egg-schedule]: register schedule D:\没头发的不归路\egg\egg-first\node_modules\_egg-multipart@2.10.3@egg-multipart\app\schedule\clean_tmpdir.js
2021-02-05 15:40:38,168 INFO 21500 [egg-schedule]: register schedule D:\没头发的不归路\egg\egg-first\node_modules\_egg-logrotator@3.1.0@egg-logrotator\app\schedule\clean_log.js
2021-02-05 15:40:38,168 INFO 21500 [egg-schedule]: register schedule D:\没头发的不归路\egg\egg-first\node_modules\_egg-logrotator@3.1.0@egg-logrotator\app\schedule\rotate_by_file.js
2021-02-05 15:40:38,815 INFO 20576 [Timer] D:\没头发的不归路\egg\egg-first\node_modules\_egg-multipart@2.10.3@egg-multipart\app\schedule\clean_tmpdir.js next time will execute after 46161189ms at 2021-02-06 04:30:00.004
2021-02-05 15:40:38,816 INFO 20576 [Timer] D:\没头发的不归路\egg\egg-first\node_modules\_egg-logrotator@3.1.0@egg-logrotator\app\schedule\clean_log.js next time will execute after 29961185ms at 2021-02-06 00:00:00.001
2021-02-05 15:40:38,816 INFO 20576 [Timer] D:\没头发的不归路\egg\egg-first\node_modules\_egg-logrotator@3.1.0@egg-logrotator\app\schedule\rotate_by_file.js next time will execute after 29962184ms at 2021-02-06 00:00:01.000
2021-02-05 18:15:11,344 INFO 12756 [egg-schedule]: register schedule D:\没头发的不归路\egg\egg-first\node_modules\_egg-multipart@2.10.3@egg-multipart\app\schedule\clean_tmpdir.js
2021-02-05 18:15:11,344 INFO 12756 [egg-schedule]: register schedule D:\没头发的不归路\egg\egg-first\node_modules\_egg-logrotator@3.1.0@egg-logrotator\app\schedule\clean_log.js
2021-02-05 18:15:11,344 INFO 12756 [egg-schedule]: register schedule D:\没头发的不归路\egg\egg-first\node_modules\_egg-logrotator@3.1.0@egg-logrotator\app\schedule\rotate_by_file.js
2021-02-05 18:15:14,202 INFO 11160 [egg-schedule]: register schedule D:\没头发的不归路\egg\egg-first\node_modules\_egg-multipart@2.10.3@egg-multipart\app\schedule\clean_tmpdir.js
2021-02-05 18:15:14,202 INFO 11160 [egg-schedule]: register schedule D:\没头发的不归路\egg\egg-first\node_modules\_egg-logrotator@3.1.0@egg-logrotator\app\schedule\clean_log.js
2021-02-05 18:15:14,202 INFO 11160 [egg-schedule]: register schedule D:\没头发的不归路\egg\egg-first\node_modules\_egg-logrotator@3.1.0@egg-logrotator\app\schedule\rotate_by_file.js
2021-02-05 18:15:15,658 INFO 13248 [Timer] D:\没头发的不归路\egg\egg-first\node_modules\_egg-multipart@2.10.3@egg-multipart\app\schedule\clean_tmpdir.js next time will execute after 36884376ms at 2021-02-06 04:30:00.034
2021-02-05 18:15:15,658 INFO 13248 [Timer] D:\没头发的不归路\egg\egg-first\node_modules\_egg-logrotator@3.1.0@egg-logrotator\app\schedule\clean_log.js next time will execute after 20684342ms at 2021-02-06 00:00:00.000
2021-02-05 18:15:15,659 INFO 13248 [Timer] D:\没头发的不归路\egg\egg-first\node_modules\_egg-logrotator@3.1.0@egg-logrotator\app\schedule\rotate_by_file.js next time will execute after 20685342ms at 2021-02-06 00:00:01.001
2021-02-05 18:15:17,495 INFO 20736 [egg-schedule]: register schedule D:\没头发的不归路\egg\egg-first\node_modules\_egg-multipart@2.10.3@egg-multipart\app\schedule\clean_tmpdir.js
2021-02-05 18:15:17,495 INFO 20736 [egg-schedule]: register schedule D:\没头发的不归路\egg\egg-first\node_modules\_egg-logrotator@3.1.0@egg-logrotator\app\schedule\clean_log.js
2021-02-05 18:15:17,495 INFO 20736 [egg-schedule]: register schedule D:\没头发的不归路\egg\egg-first\node_modules\_egg-logrotator@3.1.0@egg-logrotator\app\schedule\rotate_by_file.js
2021-02-05 18:39:48,135 INFO 15632 [egg-schedule]: register schedule D:\没头发的不归路\egg\egg-first\node_modules\_egg-multipart@2.10.3@egg-multipart\app\schedule\clean_tmpdir.js
2021-02-05 18:39:48,136 INFO 15632 [egg-schedule]: register schedule D:\没头发的不归路\egg\egg-first\node_modules\_egg-logrotator@3.1.0@egg-logrotator\app\schedule\clean_log.js
2021-02-05 18:39:48,136 INFO 15632 [egg-schedule]: register schedule D:\没头发的不归路\egg\egg-first\node_modules\_egg-logrotator@3.1.0@egg-logrotator\app\schedule\rotate_by_file.js
2021-02-05 18:40:45,669 INFO 20476 [egg-schedule]: register schedule D:\没头发的不归路\egg\egg-first\node_modules\_egg-multipart@2.10.3@egg-multipart\app\schedule\clean_tmpdir.js
2021-02-05 18:40:45,669 INFO 20476 [egg-schedule]: register schedule D:\没头发的不归路\egg\egg-first\node_modules\_egg-logrotator@3.1.0@egg-logrotator\app\schedule\clean_log.js
2021-02-05 18:40:45,669 INFO 20476 [egg-schedule]: register schedule D:\没头发的不归路\egg\egg-first\node_modules\_egg-logrotator@3.1.0@egg-logrotator\app\schedule\rotate_by_file.js
2021-02-05 18:46:30,587 INFO 19020 [egg-schedule]: register schedule D:\没头发的不归路\egg\egg-first\node_modules\_egg-multipart@2.10.3@egg-multipart\app\schedule\clean_tmpdir.js
2021-02-05 18:46:30,587 INFO 19020 [egg-schedule]: register schedule D:\没头发的不归路\egg\egg-first\node_modules\_egg-logrotator@3.1.0@egg-logrotator\app\schedule\clean_log.js
2021-02-05 18:46:30,587 INFO 19020 [egg-schedule]: register schedule D:\没头发的不归路\egg\egg-first\node_modules\_egg-logrotator@3.1.0@egg-logrotator\app\schedule\rotate_by_file.js
2021-02-05 18:46:32,447 INFO 3092 [Timer] D:\没头发的不归路\egg\egg-first\node_modules\_egg-multipart@2.10.3@egg-multipart\app\schedule\clean_tmpdir.js next time will execute after 35007571ms at 2021-02-06 04:30:00.018
2021-02-05 18:46:32,447 INFO 3092 [Timer] D:\没头发的不归路\egg\egg-first\node_modules\_egg-logrotator@3.1.0@egg-logrotator\app\schedule\clean_log.js next time will execute after 18807553ms at 2021-02-06 00:00:00.000
2021-02-05 18:46:32,448 INFO 3092 [Timer] D:\没头发的不归路\egg\egg-first\node_modules\_egg-logrotator@3.1.0@egg-logrotator\app\schedule\rotate_by_file.js next time will execute after 18808553ms at 2021-02-06 00:00:01.001
2021-02-05 18:52:15,907 INFO 14584 [egg-schedule]: register schedule D:\没头发的不归路\egg\egg-first\node_modules\_egg-multipart@2.10.3@egg-multipart\app\schedule\clean_tmpdir.js
2021-02-05 18:52:15,907 INFO 14584 [egg-schedule]: register schedule D:\没头发的不归路\egg\egg-first\node_modules\_egg-logrotator@3.1.0@egg-logrotator\app\schedule\clean_log.js
2021-02-05 18:52:15,907 INFO 14584 [egg-schedule]: register schedule D:\没头发的不归路\egg\egg-first\node_modules\_egg-logrotator@3.1.0@egg-logrotator\app\schedule\rotate_by_file.js
2021-02-06 10:08:09,913 INFO 1600 [egg-schedule]: register schedule D:\没头发的不归路\egg\egg-first\node_modules\_egg-multipart@2.10.3@egg-multipart\app\schedule\clean_tmpdir.js
2021-02-06 10:08:09,913 INFO 1600 [egg-schedule]: register schedule D:\没头发的不归路\egg\egg-first\node_modules\_egg-logrotator@3.1.0@egg-logrotator\app\schedule\clean_log.js
2021-02-06 10:08:09,913 INFO 1600 [egg-schedule]: register schedule D:\没头发的不归路\egg\egg-first\node_modules\_egg-logrotator@3.1.0@egg-logrotator\app\schedule\rotate_by_file.js
2021-02-06 10:08:12,477 INFO 15304 [Timer] D:\没头发的不归路\egg\egg-first\node_modules\_egg-multipart@2.10.3@egg-multipart\app\schedule\clean_tmpdir.js next time will execute after 66107527ms at 2021-02-07 04:30:00.004
2021-02-06 10:08:12,477 INFO 15304 [Timer] D:\没头发的不归路\egg\egg-first\node_modules\_egg-logrotator@3.1.0@egg-logrotator\app\schedule\clean_log.js next time will execute after 49907523ms at 2021-02-07 00:00:00.000
2021-02-06 10:08:12,478 INFO 15304 [Timer] D:\没头发的不归路\egg\egg-first\node_modules\_egg-logrotator@3.1.0@egg-logrotator\app\schedule\rotate_by_file.js next time will execute after 49908523ms at 2021-02-07 00:00:01.001
2021-02-06 10:08:12,826 INFO 10576 [egg-schedule]: register schedule D:\没头发的不归路\egg\egg-first\node_modules\_egg-multipart@2.10.3@egg-multipart\app\schedule\clean_tmpdir.js
2021-02-06 10:08:12,826 INFO 10576 [egg-schedule]: register schedule D:\没头发的不归路\egg\egg-first\node_modules\_egg-logrotator@3.1.0@egg-logrotator\app\schedule\clean_log.js
2021-02-06 10:08:12,826 INFO 10576 [egg-schedule]: register schedule D:\没头发的不归路\egg\egg-first\node_modules\_egg-logrotator@3.1.0@egg-logrotator\app\schedule\rotate_by_file.js
2021-02-06 10:08:15,900 INFO 13704 [egg-schedule]: register schedule D:\没头发的不归路\egg\egg-first\node_modules\_egg-multipart@2.10.3@egg-multipart\app\schedule\clean_tmpdir.js
2021-02-06 10:08:15,900 INFO 13704 [egg-schedule]: register schedule D:\没头发的不归路\egg\egg-first\node_modules\_egg-logrotator@3.1.0@egg-logrotator\app\schedule\clean_log.js
2021-02-06 10:08:15,900 INFO 13704 [egg-schedule]: register schedule D:\没头发的不归路\egg\egg-first\node_modules\_egg-logrotator@3.1.0@egg-logrotator\app\schedule\rotate_by_file.js
2021-02-06 10:45:06,877 INFO 10060 [egg-schedule]: register schedule D:\没头发的不归路\egg\egg-first\node_modules\_egg-multipart@2.10.3@egg-multipart\app\schedule\clean_tmpdir.js
2021-02-06 10:45:06,877 INFO 10060 [egg-schedule]: register schedule D:\没头发的不归路\egg\egg-first\node_modules\_egg-logrotator@3.1.0@egg-logrotator\app\schedule\clean_log.js
2021-02-06 10:45:06,877 INFO 10060 [egg-schedule]: register schedule D:\没头发的不归路\egg\egg-first\node_modules\_egg-logrotator@3.1.0@egg-logrotator\app\schedule\rotate_by_file.js
2021-02-06 11:15:51,097 INFO 20380 [egg-schedule]: register schedule D:\没头发的不归路\egg\egg-first\node_modules\_egg-multipart@2.10.3@egg-multipart\app\schedule\clean_tmpdir.js
2021-02-06 11:15:51,097 INFO 20380 [egg-schedule]: register schedule D:\没头发的不归路\egg\egg-first\node_modules\_egg-logrotator@3.1.0@egg-logrotator\app\schedule\clean_log.js
2021-02-06 11:15:51,097 INFO 20380 [egg-schedule]: register schedule D:\没头发的不归路\egg\egg-first\node_modules\_egg-logrotator@3.1.0@egg-logrotator\app\schedule\rotate_by_file.js
2021-02-06 11:15:54,892 INFO 17248 [egg-schedule]: register schedule D:\没头发的不归路\egg\egg-first\node_modules\_egg-multipart@2.10.3@egg-multipart\app\schedule\clean_tmpdir.js
2021-02-06 11:15:54,892 INFO 17248 [egg-schedule]: register schedule D:\没头发的不归路\egg\egg-first\node_modules\_egg-logrotator@3.1.0@egg-logrotator\app\schedule\clean_log.js
2021-02-06 11:15:54,892 INFO 17248 [egg-schedule]: register schedule D:\没头发的不归路\egg\egg-first\node_modules\_egg-logrotator@3.1.0@egg-logrotator\app\schedule\rotate_by_file.js
2021-02-06 11:40:03,415 INFO 16964 [egg-schedule]: register schedule D:\没头发的不归路\egg\egg-first\node_modules\_egg-multipart@2.10.3@egg-multipart\app\schedule\clean_tmpdir.js
2021-02-06 11:40:03,415 INFO 16964 [egg-schedule]: register schedule D:\没头发的不归路\egg\egg-first\node_modules\_egg-logrotator@3.1.0@egg-logrotator\app\schedule\clean_log.js
2021-02-06 11:40:03,415 INFO 16964 [egg-schedule]: register schedule D:\没头发的不归路\egg\egg-first\node_modules\_egg-logrotator@3.1.0@egg-logrotator\app\schedule\rotate_by_file.js
2021-02-06 11:40:44,010 INFO 13284 [egg-schedule]: register schedule D:\没头发的不归路\egg\egg-first\node_modules\_egg-multipart@2.10.3@egg-multipart\app\schedule\clean_tmpdir.js
2021-02-06 11:40:44,010 INFO 13284 [egg-schedule]: register schedule D:\没头发的不归路\egg\egg-first\node_modules\_egg-logrotator@3.1.0@egg-logrotator\app\schedule\clean_log.js
2021-02-06 11:40:44,010 INFO 13284 [egg-schedule]: register schedule D:\没头发的不归路\egg\egg-first\node_modules\_egg-logrotator@3.1.0@egg-logrotator\app\schedule\rotate_by_file.js
2021-02-06 11:40:44,282 INFO 2728 [Timer] D:\没头发的不归路\egg\egg-first\node_modules\_egg-multipart@2.10.3@egg-multipart\app\schedule\clean_tmpdir.js next time will execute after 60555720ms at 2021-02-07 04:30:00.002
2021-02-06 11:40:44,283 INFO 2728 [Timer] D:\没头发的不归路\egg\egg-first\node_modules\_egg-logrotator@3.1.0@egg-logrotator\app\schedule\clean_log.js next time will execute after 44355718ms at 2021-02-07 00:00:00.001
2021-02-06 11:40:44,283 INFO 2728 [Timer] D:\没头发的不归路\egg\egg-first\node_modules\_egg-logrotator@3.1.0@egg-logrotator\app\schedule\rotate_by_file.js next time will execute after 44356717ms at 2021-02-07 00:00:01.000
2021-02-06 11:46:55,124 INFO 16816 [egg-schedule]: register schedule D:\没头发的不归路\egg\egg-first\node_modules\_egg-multipart@2.10.3@egg-multipart\app\schedule\clean_tmpdir.js
2021-02-06 11:46:55,124 INFO 16816 [egg-schedule]: register schedule D:\没头发的不归路\egg\egg-first\node_modules\_egg-logrotator@3.1.0@egg-logrotator\app\schedule\clean_log.js
2021-02-06 11:46:55,124 INFO 16816 [egg-schedule]: register schedule D:\没头发的不归路\egg\egg-first\node_modules\_egg-logrotator@3.1.0@egg-logrotator\app\schedule\rotate_by_file.js
2021-02-06 11:50:12,967 INFO 19980 [egg-schedule]: register schedule D:\没头发的不归路\egg\egg-first\node_modules\_egg-multipart@2.10.3@egg-multipart\app\schedule\clean_tmpdir.js
2021-02-06 11:50:12,967 INFO 19980 [egg-schedule]: register schedule D:\没头发的不归路\egg\egg-first\node_modules\_egg-logrotator@3.1.0@egg-logrotator\app\schedule\clean_log.js
2021-02-06 11:50:12,967 INFO 19980 [egg-schedule]: register schedule D:\没头发的不归路\egg\egg-first\node_modules\_egg-logrotator@3.1.0@egg-logrotator\app\schedule\rotate_by_file.js
2021-02-06 11:50:13,295 INFO 2004 [Timer] D:\没头发的不归路\egg\egg-first\node_modules\_egg-multipart@2.10.3@egg-multipart\app\schedule\clean_tmpdir.js next time will execute after 59986709ms at 2021-02-07 04:30:00.004
2021-02-06 11:50:13,296 INFO 2004 [Timer] D:\没头发的不归路\egg\egg-first\node_modules\_egg-logrotator@3.1.0@egg-logrotator\app\schedule\clean_log.js next time will execute after 43786705ms at 2021-02-07 00:00:00.001
2021-02-06 11:50:13,296 INFO 2004 [Timer] D:\没头发的不归路\egg\egg-first\node_modules\_egg-logrotator@3.1.0@egg-logrotator\app\schedule\rotate_by_file.js next time will execute after 43787704ms at 2021-02-07 00:00:01.000
2021-02-06 11:50:29,007 INFO 16636 [Timer] D:\没头发的不归路\egg\egg-first\node_modules\_egg-multipart@2.10.3@egg-multipart\app\schedule\clean_tmpdir.js next time will execute after 59970996ms at 2021-02-07 04:30:00.003
2021-02-06 11:50:29,008 INFO 16636 [Timer] D:\没头发的不归路\egg\egg-first\node_modules\_egg-logrotator@3.1.0@egg-logrotator\app\schedule\clean_log.js next time will execute after 43770993ms at 2021-02-07 00:00:00.001
2021-02-06 11:50:29,008 INFO 16636 [Timer] D:\没头发的不归路\egg\egg-first\node_modules\_egg-logrotator@3.1.0@egg-logrotator\app\schedule\rotate_by_file.js next time will execute after 43771992ms at 2021-02-07 00:00:01.000
2021-02-06 11:50:28,726 INFO 19944 [egg-schedule]: register schedule D:\没头发的不归路\egg\egg-first\node_modules\_egg-multipart@2.10.3@egg-multipart\app\schedule\clean_tmpdir.js
2021-02-06 11:50:28,726 INFO 19944 [egg-schedule]: register schedule D:\没头发的不归路\egg\egg-first\node_modules\_egg-logrotator@3.1.0@egg-logrotator\app\schedule\clean_log.js
2021-02-06 11:50:28,726 INFO 19944 [egg-schedule]: register schedule D:\没头发的不归路\egg\egg-first\node_modules\_egg-logrotator@3.1.0@egg-logrotator\app\schedule\rotate_by_file.js
2021-02-06 11:52:34,523 INFO 13296 [egg-schedule]: register schedule D:\没头发的不归路\egg\egg-first\node_modules\_egg-multipart@2.10.3@egg-multipart\app\schedule\clean_tmpdir.js
2021-02-06 11:52:34,523 INFO 13296 [egg-schedule]: register schedule D:\没头发的不归路\egg\egg-first\node_modules\_egg-logrotator@3.1.0@egg-logrotator\app\schedule\clean_log.js
2021-02-06 11:52:34,523 INFO 13296 [egg-schedule]: register schedule D:\没头发的不归路\egg\egg-first\node_modules\_egg-logrotator@3.1.0@egg-logrotator\app\schedule\rotate_by_file.js
2021-02-06 11:52:50,445 INFO 20400 [Timer] D:\没头发的不归路\egg\egg-first\node_modules\_egg-multipart@2.10.3@egg-multipart\app\schedule\clean_tmpdir.js next time will execute after 59829557ms at 2021-02-07 04:30:00.002
2021-02-06 11:52:50,446 INFO 20400 [Timer] D:\没头发的不归路\egg\egg-first\node_modules\_egg-logrotator@3.1.0@egg-logrotator\app\schedule\clean_log.js next time will execute after 43629555ms at 2021-02-07 00:00:00.001
2021-02-06 11:52:50,446 INFO 20400 [Timer] D:\没头发的不归路\egg\egg-first\node_modules\_egg-logrotator@3.1.0@egg-logrotator\app\schedule\rotate_by_file.js next time will execute after 43630554ms at 2021-02-07 00:00:01.000
2021-02-06 11:52:50,169 INFO 10032 [egg-schedule]: register schedule D:\没头发的不归路\egg\egg-first\node_modules\_egg-multipart@2.10.3@egg-multipart\app\schedule\clean_tmpdir.js
2021-02-06 11:52:50,169 INFO 10032 [egg-schedule]: register schedule D:\没头发的不归路\egg\egg-first\node_modules\_egg-logrotator@3.1.0@egg-logrotator\app\schedule\clean_log.js
2021-02-06 11:52:50,169 INFO 10032 [egg-schedule]: register schedule D:\没头发的不归路\egg\egg-first\node_modules\_egg-logrotator@3.1.0@egg-logrotator\app\schedule\rotate_by_file.js
2021-02-06 11:56:09,424 INFO 17656 [egg-schedule]: register schedule D:\没头发的不归路\egg\egg-first\node_modules\_egg-multipart@2.10.3@egg-multipart\app\schedule\clean_tmpdir.js
2021-02-06 11:56:09,424 INFO 17656 [egg-schedule]: register schedule D:\没头发的不归路\egg\egg-first\node_modules\_egg-logrotator@3.1.0@egg-logrotator\app\schedule\clean_log.js
2021-02-06 11:56:09,424 INFO 17656 [egg-schedule]: register schedule D:\没头发的不归路\egg\egg-first\node_modules\_egg-logrotator@3.1.0@egg-logrotator\app\schedule\rotate_by_file.js
2021-02-06 11:57:09,745 INFO 10376 [egg-schedule]: register schedule D:\没头发的不归路\egg\egg-first\node_modules\_egg-multipart@2.10.3@egg-multipart\app\schedule\clean_tmpdir.js
2021-02-06 11:57:09,745 INFO 10376 [egg-schedule]: register schedule D:\没头发的不归路\egg\egg-first\node_modules\_egg-logrotator@3.1.0@egg-logrotator\app\schedule\clean_log.js
2021-02-06 11:57:09,745 INFO 10376 [egg-schedule]: register schedule D:\没头发的不归路\egg\egg-first\node_modules\_egg-logrotator@3.1.0@egg-logrotator\app\schedule\rotate_by_file.js
2021-02-06 11:57:27,994 INFO 19608 [Timer] D:\没头发的不归路\egg\egg-first\node_modules\_egg-multipart@2.10.3@egg-multipart\app\schedule\clean_tmpdir.js next time will execute after 59552008ms at 2021-02-07 04:30:00.002
2021-02-06 11:57:27,995 INFO 19608 [Timer] D:\没头发的不归路\egg\egg-first\node_modules\_egg-logrotator@3.1.0@egg-logrotator\app\schedule\clean_log.js next time will execute after 43352006ms at 2021-02-07 00:00:00.001
2021-02-06 11:57:27,995 INFO 19608 [Timer] D:\没头发的不归路\egg\egg-first\node_modules\_egg-logrotator@3.1.0@egg-logrotator\app\schedule\rotate_by_file.js next time will execute after 43353005ms at 2021-02-07 00:00:01.000
2021-02-06 11:57:27,718 INFO 16044 [egg-schedule]: register schedule D:\没头发的不归路\egg\egg-first\node_modules\_egg-multipart@2.10.3@egg-multipart\app\schedule\clean_tmpdir.js
2021-02-06 11:57:27,718 INFO 16044 [egg-schedule]: register schedule D:\没头发的不归路\egg\egg-first\node_modules\_egg-logrotator@3.1.0@egg-logrotator\app\schedule\clean_log.js
2021-02-06 11:57:27,718 INFO 16044 [egg-schedule]: register schedule D:\没头发的不归路\egg\egg-first\node_modules\_egg-logrotator@3.1.0@egg-logrotator\app\schedule\rotate_by_file.js
2021-02-06 11:58:22,100 INFO 18056 [egg-schedule]: register schedule D:\没头发的不归路\egg\egg-first\node_modules\_egg-multipart@2.10.3@egg-multipart\app\schedule\clean_tmpdir.js
2021-02-06 11:58:22,100 INFO 18056 [egg-schedule]: register schedule D:\没头发的不归路\egg\egg-first\node_modules\_egg-logrotator@3.1.0@egg-logrotator\app\schedule\clean_log.js
2021-02-06 11:58:22,100 INFO 18056 [egg-schedule]: register schedule D:\没头发的不归路\egg\egg-first\node_modules\_egg-logrotator@3.1.0@egg-logrotator\app\schedule\rotate_by_file.js
2021-02-06 11:58:48,121 INFO 6124 [Timer] D:\没头发的不归路\egg\egg-first\node_modules\_egg-multipart@2.10.3@egg-multipart\app\schedule\clean_tmpdir.js next time will execute after 59471881ms at 2021-02-07 04:30:00.002
2021-02-06 11:58:48,121 INFO 6124 [Timer] D:\没头发的不归路\egg\egg-first\node_modules\_egg-logrotator@3.1.0@egg-logrotator\app\schedule\clean_log.js next time will execute after 43271879ms at 2021-02-07 00:00:00.000
2021-02-06 11:58:48,122 INFO 6124 [Timer] D:\没头发的不归路\egg\egg-first\node_modules\_egg-logrotator@3.1.0@egg-logrotator\app\schedule\rotate_by_file.js next time will execute after 43272878ms at 2021-02-07 00:00:01.000
2021-02-06 11:58:47,859 INFO 16620 [egg-schedule]: register schedule D:\没头发的不归路\egg\egg-first\node_modules\_egg-multipart@2.10.3@egg-multipart\app\schedule\clean_tmpdir.js
2021-02-06 11:58:47,860 INFO 16620 [egg-schedule]: register schedule D:\没头发的不归路\egg\egg-first\node_modules\_egg-logrotator@3.1.0@egg-logrotator\app\schedule\clean_log.js
2021-02-06 11:58:47,860 INFO 16620 [egg-schedule]: register schedule D:\没头发的不归路\egg\egg-first\node_modules\_egg-logrotator@3.1.0@egg-logrotator\app\schedule\rotate_by_file.js
2021-02-06 11:59:38,718 INFO 20880 [egg-schedule]: register schedule D:\没头发的不归路\egg\egg-first\node_modules\_egg-multipart@2.10.3@egg-multipart\app\schedule\clean_tmpdir.js
2021-02-06 11:59:38,718 INFO 20880 [egg-schedule]: register schedule D:\没头发的不归路\egg\egg-first\node_modules\_egg-logrotator@3.1.0@egg-logrotator\app\schedule\clean_log.js
2021-02-06 11:59:38,718 INFO 20880 [egg-schedule]: register schedule D:\没头发的不归路\egg\egg-first\node_modules\_egg-logrotator@3.1.0@egg-logrotator\app\schedule\rotate_by_file.js
2021-02-06 11:59:57,695 INFO 3120 [Timer] D:\没头发的不归路\egg\egg-first\node_modules\_egg-multipart@2.10.3@egg-multipart\app\schedule\clean_tmpdir.js next time will execute after 59402307ms at 2021-02-07 04:30:00.002
2021-02-06 11:59:57,695 INFO 3120 [Timer] D:\没头发的不归路\egg\egg-first\node_modules\_egg-logrotator@3.1.0@egg-logrotator\app\schedule\clean_log.js next time will execute after 43202305ms at 2021-02-07 00:00:00.000
2021-02-06 11:59:57,696 INFO 3120 [Timer] D:\没头发的不归路\egg\egg-first\node_modules\_egg-logrotator@3.1.0@egg-logrotator\app\schedule\rotate_by_file.js next time will execute after 43203305ms at 2021-02-07 00:00:01.001
2021-02-06 11:59:57,428 INFO 17608 [egg-schedule]: register schedule D:\没头发的不归路\egg\egg-first\node_modules\_egg-multipart@2.10.3@egg-multipart\app\schedule\clean_tmpdir.js
2021-02-06 11:59:57,428 INFO 17608 [egg-schedule]: register schedule D:\没头发的不归路\egg\egg-first\node_modules\_egg-logrotator@3.1.0@egg-logrotator\app\schedule\clean_log.js
2021-02-06 11:59:57,428 INFO 17608 [egg-schedule]: register schedule D:\没头发的不归路\egg\egg-first\node_modules\_egg-logrotator@3.1.0@egg-logrotator\app\schedule\rotate_by_file.js
2021-02-06 14:47:00,210 INFO 22392 [egg-schedule]: register schedule D:\没头发的不归路\egg\egg-first\node_modules\_egg-multipart@2.10.3@egg-multipart\app\schedule\clean_tmpdir.js
2021-02-06 14:47:00,210 INFO 22392 [egg-schedule]: register schedule D:\没头发的不归路\egg\egg-first\node_modules\_egg-logrotator@3.1.0@egg-logrotator\app\schedule\clean_log.js
2021-02-06 14:47:00,210 INFO 22392 [egg-schedule]: register schedule D:\没头发的不归路\egg\egg-first\node_modules\_egg-logrotator@3.1.0@egg-logrotator\app\schedule\rotate_by_file.js
2021-02-06 14:47:02,057 INFO 18088 [Timer] D:\没头发的不归路\egg\egg-first\node_modules\_egg-multipart@2.10.3@egg-multipart\app\schedule\clean_tmpdir.js next time will execute after 49377950ms at 2021-02-07 04:30:00.006
2021-02-06 14:47:02,057 INFO 18088 [Timer] D:\没头发的不归路\egg\egg-first\node_modules\_egg-logrotator@3.1.0@egg-logrotator\app\schedule\clean_log.js next time will execute after 33177943ms at 2021-02-07 00:00:00.000
2021-02-06 14:47:02,057 INFO 18088 [Timer] D:\没头发的不归路\egg\egg-first\node_modules\_egg-logrotator@3.1.0@egg-logrotator\app\schedule\rotate_by_file.js next time will execute after 33178943ms at 2021-02-07 00:00:01.000
2021-02-06 14:47:03,249 INFO 17252 [egg-schedule]: register schedule D:\没头发的不归路\egg\egg-first\node_modules\_egg-multipart@2.10.3@egg-multipart\app\schedule\clean_tmpdir.js
2021-02-06 14:47:03,249 INFO 17252 [egg-schedule]: register schedule D:\没头发的不归路\egg\egg-first\node_modules\_egg-logrotator@3.1.0@egg-logrotator\app\schedule\clean_log.js
2021-02-06 14:47:03,249 INFO 17252 [egg-schedule]: register schedule D:\没头发的不归路\egg\egg-first\node_modules\_egg-logrotator@3.1.0@egg-logrotator\app\schedule\rotate_by_file.js
2021-02-06 14:47:06,360 INFO 24472 [egg-schedule]: register schedule D:\没头发的不归路\egg\egg-first\node_modules\_egg-multipart@2.10.3@egg-multipart\app\schedule\clean_tmpdir.js
2021-02-06 14:47:06,360 INFO 24472 [egg-schedule]: register schedule D:\没头发的不归路\egg\egg-first\node_modules\_egg-logrotator@3.1.0@egg-logrotator\app\schedule\clean_log.js
2021-02-06 14:47:06,360 INFO 24472 [egg-schedule]: register schedule D:\没头发的不归路\egg\egg-first\node_modules\_egg-logrotator@3.1.0@egg-logrotator\app\schedule\rotate_by_file.js
2021-02-06 15:44:31,182 INFO 1528 [egg-schedule]: register schedule D:\没头发的不归路\egg\egg-first\node_modules\_egg-multipart@2.10.3@egg-multipart\app\schedule\clean_tmpdir.js
2021-02-06 15:44:31,182 INFO 1528 [egg-schedule]: register schedule D:\没头发的不归路\egg\egg-first\node_modules\_egg-logrotator@3.1.0@egg-logrotator\app\schedule\clean_log.js
2021-02-06 15:44:31,182 INFO 1528 [egg-schedule]: register schedule D:\没头发的不归路\egg\egg-first\node_modules\_egg-logrotator@3.1.0@egg-logrotator\app\schedule\rotate_by_file.js
2021-02-06 15:44:32,496 INFO 23364 [Timer] D:\没头发的不归路\egg\egg-first\node_modules\_egg-multipart@2.10.3@egg-multipart\app\schedule\clean_tmpdir.js next time will execute after 45927505ms at 2021-02-07 04:30:00.001
2021-02-06 15:44:32,497 INFO 23364 [Timer] D:\没头发的不归路\egg\egg-first\node_modules\_egg-logrotator@3.1.0@egg-logrotator\app\schedule\clean_log.js next time will execute after 29727503ms at 2021-02-07 00:00:00.000
2021-02-06 15:44:32,497 INFO 23364 [Timer] D:\没头发的不归路\egg\egg-first\node_modules\_egg-logrotator@3.1.0@egg-logrotator\app\schedule\rotate_by_file.js next time will execute after 29728503ms at 2021-02-07 00:00:01.000
2021-02-07 16:33:31,762 INFO 2168 [egg-schedule]: register schedule D:\没头发的不归路\egg\egg-first\node_modules\_egg-multipart@2.10.3@egg-multipart\app\schedule\clean_tmpdir.js
2021-02-07 16:33:31,762 INFO 2168 [egg-schedule]: register schedule D:\没头发的不归路\egg\egg-first\node_modules\_egg-logrotator@3.1.0@egg-logrotator\app\schedule\clean_log.js
2021-02-07 16:33:31,762 INFO 2168 [egg-schedule]: register schedule D:\没头发的不归路\egg\egg-first\node_modules\_egg-logrotator@3.1.0@egg-logrotator\app\schedule\rotate_by_file.js
2021-02-07 16:33:36,161 INFO 4276 [Timer] D:\没头发的不归路\egg\egg-first\node_modules\_egg-multipart@2.10.3@egg-multipart\app\schedule\clean_tmpdir.js next time will execute after 42983858ms at 2021-02-08 04:30:00.019
2021-02-07 16:33:36,162 INFO 4276 [Timer] D:\没头发的不归路\egg\egg-first\node_modules\_egg-logrotator@3.1.0@egg-logrotator\app\schedule\clean_log.js next time will execute after 26783839ms at 2021-02-08 00:00:00.001
2021-02-07 16:33:36,163 INFO 4276 [Timer] D:\没头发的不归路\egg\egg-first\node_modules\_egg-logrotator@3.1.0@egg-logrotator\app\schedule\rotate_by_file.js next time will execute after 26784838ms at 2021-02-08 00:00:01.001
2021-02-08 10:36:20,555 INFO 2992 [egg-schedule]: register schedule D:\没头发的不归路\egg\egg-first\node_modules\_egg-multipart@2.10.3@egg-multipart\app\schedule\clean_tmpdir.js
2021-02-08 10:36:20,555 INFO 2992 [egg-schedule]: register schedule D:\没头发的不归路\egg\egg-first\node_modules\_egg-logrotator@3.1.0@egg-logrotator\app\schedule\clean_log.js
2021-02-08 10:36:20,555 INFO 2992 [egg-schedule]: register schedule D:\没头发的不归路\egg\egg-first\node_modules\_egg-logrotator@3.1.0@egg-logrotator\app\schedule\rotate_by_file.js
2021-02-08 10:36:26,154 INFO 1060 [Timer] D:\没头发的不归路\egg\egg-first\node_modules\_egg-multipart@2.10.3@egg-multipart\app\schedule\clean_tmpdir.js next time will execute after 64413873ms at 2021-02-09 04:30:00.027
2021-02-08 10:36:26,156 INFO 1060 [Timer] D:\没头发的不归路\egg\egg-first\node_modules\_egg-logrotator@3.1.0@egg-logrotator\app\schedule\clean_log.js next time will execute after 48213846ms at 2021-02-09 00:00:00.002
2021-02-08 10:36:26,158 INFO 1060 [Timer] D:\没头发的不归路\egg\egg-first\node_modules\_egg-logrotator@3.1.0@egg-logrotator\app\schedule\rotate_by_file.js next time will execute after 48214843ms at 2021-02-09 00:00:01.001
