2021-02-06 11:49:28,103 WARN 16816 [-/127.0.0.1/-/473ms POST /add] missing csrf token. See https://eggjs.org/zh-cn/core/security.html#安全威胁csrf的防范
2021-02-06 11:49:28,112 WARN 16816 [-/127.0.0.1/-/483ms POST /add] nodejs.ForbiddenError: missing csrf token
    at Object.throw (D:\没头发的不归路\egg\egg-first\node_modules\_koa@2.13.1@koa\lib\context.js:97:11)
    at Object.assertCsrf (D:\没头发的不归路\egg\egg-first\node_modules\_egg-security@2.8.0@egg-security\app\extend\context.js:162:32)
    at csrf (D:\没头发的不归路\egg\egg-first\node_modules\_egg-security@2.8.0@egg-security\lib\middlewares\csrf.js:33:9)
    at dispatch (D:\没头发的不归路\egg\egg-first\node_modules\_koa-compose@4.1.0@koa-compose\index.js:42:32)
    at D:\没头发的不归路\egg\egg-first\node_modules\_koa-compose@4.1.0@koa-compose\index.js:34:12
    at dispatch (D:\没头发的不归路\egg\egg-first\node_modules\_koa-compose@4.1.0@koa-compose\index.js:42:32)
    at session (D:\没头发的不归路\egg\egg-first\node_modules\_koa-session@6.1.0@koa-session\index.js:41:13)
    at dispatch (D:\没头发的不归路\egg\egg-first\node_modules\_koa-compose@4.1.0@koa-compose\index.js:42:32)
    at overrideMethod (D:\没头发的不归路\egg\egg-first\node_modules\_koa-override@3.0.0@koa-override\index.js:38:12)
    at dispatch (D:\没头发的不归路\egg\egg-first\node_modules\_koa-compose@4.1.0@koa-compose\index.js:42:32)
message: "missing csrf token"
pid: 16816
hostname: DESKTOP-SB2DNI0

2021-02-06 11:51:08,031 WARN 19944 [-/127.0.0.1/-/13ms POST /add] invalid csrf token. See https://eggjs.org/zh-cn/core/security.html#安全威胁csrf的防范
2021-02-06 11:51:08,032 WARN 19944 [-/127.0.0.1/-/15ms POST /add] nodejs.ForbiddenError: invalid csrf token
    at Object.throw (D:\没头发的不归路\egg\egg-first\node_modules\_koa@2.13.1@koa\lib\context.js:97:11)
    at Object.assertCsrf (D:\没头发的不归路\egg\egg-first\node_modules\_egg-security@2.8.0@egg-security\app\extend\context.js:162:32)
    at csrf (D:\没头发的不归路\egg\egg-first\node_modules\_egg-security@2.8.0@egg-security\lib\middlewares\csrf.js:33:9)
    at dispatch (D:\没头发的不归路\egg\egg-first\node_modules\_koa-compose@4.1.0@koa-compose\index.js:42:32)
    at D:\没头发的不归路\egg\egg-first\node_modules\_koa-compose@4.1.0@koa-compose\index.js:34:12
    at dispatch (D:\没头发的不归路\egg\egg-first\node_modules\_koa-compose@4.1.0@koa-compose\index.js:42:32)
    at session (D:\没头发的不归路\egg\egg-first\node_modules\_koa-session@6.1.0@koa-session\index.js:41:13)
    at dispatch (D:\没头发的不归路\egg\egg-first\node_modules\_koa-compose@4.1.0@koa-compose\index.js:42:32)
    at overrideMethod (D:\没头发的不归路\egg\egg-first\node_modules\_koa-override@3.0.0@koa-override\index.js:38:12)
    at dispatch (D:\没头发的不归路\egg\egg-first\node_modules\_koa-compose@4.1.0@koa-compose\index.js:42:32)
message: "invalid csrf token"
pid: 19944
hostname: DESKTOP-SB2DNI0

2021-02-06 11:52:57,377 WARN 10032 [-/127.0.0.1/-/15ms POST /add] invalid csrf token. See https://eggjs.org/zh-cn/core/security.html#安全威胁csrf的防范
2021-02-06 11:52:57,379 WARN 10032 [-/127.0.0.1/-/17ms POST /add] nodejs.ForbiddenError: invalid csrf token
    at Object.throw (D:\没头发的不归路\egg\egg-first\node_modules\_koa@2.13.1@koa\lib\context.js:97:11)
    at Object.assertCsrf (D:\没头发的不归路\egg\egg-first\node_modules\_egg-security@2.8.0@egg-security\app\extend\context.js:162:32)
    at csrf (D:\没头发的不归路\egg\egg-first\node_modules\_egg-security@2.8.0@egg-security\lib\middlewares\csrf.js:33:9)
    at dispatch (D:\没头发的不归路\egg\egg-first\node_modules\_koa-compose@4.1.0@koa-compose\index.js:42:32)
    at D:\没头发的不归路\egg\egg-first\node_modules\_koa-compose@4.1.0@koa-compose\index.js:34:12
    at dispatch (D:\没头发的不归路\egg\egg-first\node_modules\_koa-compose@4.1.0@koa-compose\index.js:42:32)
    at session (D:\没头发的不归路\egg\egg-first\node_modules\_koa-session@6.1.0@koa-session\index.js:41:13)
    at dispatch (D:\没头发的不归路\egg\egg-first\node_modules\_koa-compose@4.1.0@koa-compose\index.js:42:32)
    at overrideMethod (D:\没头发的不归路\egg\egg-first\node_modules\_koa-override@3.0.0@koa-override\index.js:38:12)
    at dispatch (D:\没头发的不归路\egg\egg-first\node_modules\_koa-compose@4.1.0@koa-compose\index.js:42:32)
message: "invalid csrf token"
pid: 10032
hostname: DESKTOP-SB2DNI0

2021-02-06 11:57:32,455 ERROR 16044 [-/127.0.0.1/-/200ms POST /add] nodejs.ER_NO_SUCH_TABLEError: ER_NO_SUCH_TABLE: Table 'heihei.users' doesn't exist
    at Query.Sequence._packetToError (D:\没头发的不归路\egg\egg-first\node_modules\_mysql@2.18.1@mysql\lib\protocol\sequences\Sequence.js:47:14)
    at Query.ErrorPacket (D:\没头发的不归路\egg\egg-first\node_modules\_mysql@2.18.1@mysql\lib\protocol\sequences\Query.js:79:18)
    at Protocol._parsePacket (D:\没头发的不归路\egg\egg-first\node_modules\_mysql@2.18.1@mysql\lib\protocol\Protocol.js:291:23)
    at Parser._parsePacket (D:\没头发的不归路\egg\egg-first\node_modules\_mysql@2.18.1@mysql\lib\protocol\Parser.js:433:10)
    at Parser.write (D:\没头发的不归路\egg\egg-first\node_modules\_mysql@2.18.1@mysql\lib\protocol\Parser.js:43:10)
    at Protocol.write (D:\没头发的不归路\egg\egg-first\node_modules\_mysql@2.18.1@mysql\lib\protocol\Protocol.js:38:16)
    at Socket.<anonymous> (D:\没头发的不归路\egg\egg-first\node_modules\_mysql@2.18.1@mysql\lib\Connection.js:88:28)
    at Socket.<anonymous> (D:\没头发的不归路\egg\egg-first\node_modules\_mysql@2.18.1@mysql\lib\Connection.js:526:10)
    at Socket.emit (events.js:314:20)
    at addChunk (_stream_readable.js:298:12)
    --------------------
    at Pool.query (D:\没头发的不归路\egg\egg-first\node_modules\_mysql@2.18.1@mysql\lib\Pool.js:199:23)
    at D:\没头发的不归路\egg\egg-first\node_modules\_pify@2.3.0@pify\index.js:29:7
    at new Promise (<anonymous>)
    at Pool.<anonymous> (D:\没头发的不归路\egg\egg-first\node_modules\_pify@2.3.0@pify\index.js:12:10)
    at Pool.ret [as query] (D:\没头发的不归路\egg\egg-first\node_modules\_pify@2.3.0@pify\index.js:56:34)
    at RDSClient.proto._query (D:\没头发的不归路\egg\egg-first\node_modules\_ali-rds@3.4.0@ali-rds\lib\client.js:38:20)
    at RDSClient.proto.query (D:\没头发的不归路\egg\egg-first\node_modules\_ali-rds@3.4.0@ali-rds\lib\operator.js:54:29)
    at proto.query.next (<anonymous>)
    at onFulfilled (D:\没头发的不归路\egg\egg-first\node_modules\_co@4.6.0@co\index.js:65:19)
    at D:\没头发的不归路\egg\egg-first\node_modules\_co@4.6.0@co\index.js:54:5
    sql: INSERT INTO `users`(`id`, `name`, `time`) VALUES('4', '哈哈', '')
code: "ER_NO_SUCH_TABLE"
errno: 1146
sqlMessage: "Table 'heihei.users' doesn't exist"
sqlState: "42S02"
index: 0
sql: "INSERT INTO `users`(`id`, `name`, `time`) VALUES('4', '哈哈', '')"
name: "ER_NO_SUCH_TABLEError"
pid: 16044
hostname: DESKTOP-SB2DNI0

